error: This is an error - Fri Aug 18 2023 20:47:18 GMT-0500 (Peru Standard Time)
error: This is an error - Fri Aug 18 2023 21:06:05 GMT-0500 (Peru Standard Time)
error: This is a debug
info: Listening server on 8080
info: GET en /api/logger-test - 8/18/2023, 9:13:56 PM
debug: This is a debug
info: Listening server on 8080
info: Listening server on 8080
info: Listening server on 8080
info: Listening server on 8080
info: Listening server on 8080
info: Listening server on 8080
info: GET en /api/logger-test - 8/18/2023, 9:43:16 PM
debug: This is a debug
info: Listening server on 8080
info: Listening server on 8080
info: Listening server on 8080
info: Listening server on 8080
info: Listening server on 8080
info: Listening server on 8080
info: Listening server on 8080
info: Listening server on 8080
info: Listening server on 8080
info: Listening server on 8080
info: Listening server on 8080
info: Listening server on 8080
info: Listening server on 8080
info: Listening server on 8080
info: Listening server on 8080
info: Listening server on 8080
info: Listening server on 8080
info: Listening server on 8080
info: Listening server on 8080
info: Listening server on 8080
info: GET en /products - 8/20/2023, 2:41:41 PM
info: GET en /favicon.ico - 8/20/2023, 2:41:47 PM
info: GET en / - 8/20/2023, 2:41:47 PM
info: GET en /favicon.ico - 8/20/2023, 2:41:49 PM
info: GET en /login - 8/20/2023, 2:41:50 PM
info: GET en /favicon.ico - 8/20/2023, 2:41:51 PM
info: GET en /products - 8/20/2023, 2:41:52 PM
info: GET en /favicon.ico - 8/20/2023, 2:41:54 PM
info: Listening server on 8080
info: Listening server on 8080
info: Listening server on 8080
info: Listening server on 8080
info: Listening server on 8080
info: Listening server on 8080
info: Listening server on 8080
info: GET en / - 8/20/2023, 2:53:08 PM
info: GET en /favicon.ico - 8/20/2023, 2:53:09 PM
info: GET en /products - 8/20/2023, 2:53:10 PM
info: GET en /favicon.ico - 8/20/2023, 2:53:11 PM
info: GET en /products - 8/20/2023, 2:54:17 PM
info: GET en /favicon.ico - 8/20/2023, 2:54:19 PM
info: GET en / - 8/20/2023, 2:54:19 PM
info: GET en /favicon.ico - 8/20/2023, 2:54:19 PM
info: GET en /products - 8/20/2023, 2:54:20 PM
info: GET en /favicon.ico - 8/20/2023, 2:54:21 PM
info: GET en / - 8/20/2023, 8:43:07 PM
info: GET en /products - 8/20/2023, 8:43:08 PM
info: GET en /favicon.ico - 8/20/2023, 8:43:10 PM
info: Listening server on 8080
info: Listening server on 8080
info: Listening server on 8080
info: Listening server on 8080
info: Listening server on 8080
info: Listening server on 8080
