info: Proceso primario, generando worker
info: Listening server on 8080
info: GET en / - 9/5/2023, 10:08:19 PM
info: GET en /favicon.ico - 9/5/2023, 10:08:20 PMinfo: Proceso primario, generando worker
info: Listening server on 8080
info: Proceso primario, generando worker
info: Listening server on 8080
info: Proceso primario, generando worker
info: Listening server on 8080
info: Proceso primario, generando worker
info: Listening server on 8080
info: Proceso primario, generando worker
info: Listening server on 8080
info: Proceso primario, generando worker
info: Listening server on 8080
info: Proceso primario, generando worker
info: Listening server on 8080
info: Proceso primario, generando worker
info: Listening server on 8080
info: Proceso primario, generando worker
info: Listening server on 8080
info: Proceso primario, generando worker
info: Listening server on 8080
info: Proceso primario, generando worker
info: Listening server on 8080
info: Proceso primario, generando worker
info: Listening server on 8080
info: Proceso primario, generando worker
info: Listening server on 8080
info: Proceso primario, generando worker
info: Listening server on 8080
info: Proceso primario, generando worker
info: Listening server on 8080
info: Proceso primario, generando worker
info: Listening server on 8080
info: Proceso primario, generando worker
info: Listening server on 8080
info: Proceso primario, generando worker
info: Listening server on 8080
info: Proceso primario, generando worker
info: Listening server on 8080
info: Proceso primario, generando worker
info: Listening server on 8080
info: Proceso primario, generando worker
info: Listening server on 8080
info: Proceso primario, generando worker
info: Listening server on 8080
info: Proceso primario, generando worker
info: Listening server on 8080
info: Proceso primario, generando worker
info: Listening server on 8080
info: Proceso primario, generando worker
info: Listening server on 8080
info: Proceso primario, generando worker
info: Listening server on 8080
info: Proceso primario, generando worker
info: Listening server on 8080
info: Proceso primario, generando worker
info: Listening server on 8080
info: Proceso primario, generando worker
info: Listening server on 8080
info: Proceso primario, generando worker
info: Listening server on 8080
info: Proceso primario, generando worker
info: Listening server on 8080
info: Proceso primario, generando worker
info: Listening server on 8080
info: Proceso primario, generando worker
info: Listening server on 8080
info: Proceso primario, generando worker
info: Listening server on 8080
info: Proceso primario, generando worker
info: Listening server on 8080
info: GET en / - 9/6/2023, 1:18:12 PM
info: GET en /favicon.ico - 9/6/2023, 1:18:13 PM
info: GET en /products - 9/6/2023, 1:18:14 PM
info: GET en /favicon.ico - 9/6/2023, 1:18:15 PM
info: GET en /register-user - 9/6/2023, 1:18:17 PM
info: GET en /favicon.ico - 9/6/2023, 1:18:18 PM
info: GET en /register - 9/6/2023, 1:18:19 PM
info: GET en /login - 9/6/2023, 1:18:19 PM
info: GET en /favicon.ico - 9/6/2023, 1:18:19 PM
info: GET en /login - 9/6/2023, 1:18:20 PM
info: GET en /favicon.ico - 9/6/2023, 1:18:20 PM
info: GET en /login - 9/6/2023, 1:18:21 PM
info: GET en /favicon.ico - 9/6/2023, 1:18:22 PM
info: GET en /products - 9/6/2023, 1:18:22 PM
info: GET en /favicon.ico - 9/6/2023, 1:18:24 PM
info: GET en /products?page=2 - 9/6/2023, 1:18:25 PM
info: GET en /favicon.ico - 9/6/2023, 1:18:25 PM
